[1223/210739.416:ERROR:process_reader_win.cc(123)] NtOpenThread: {拒絕存取} 程序已請求存取一物件，但未被授與存取權。 (0xc0000022)
[1223/210739.418:ERROR:process_reader_win.cc(123)] NtOpenThread: {拒絕存取} 程序已請求存取一物件，但未被授與存取權。 (0xc0000022)
[1223/210739.421:ERROR:exception_snapshot_win.cc(99)] thread ID 988 not found in process
[1223/210739.421:ERROR:exception_snapshot_win.cc(99)] thread ID 20892 not found in process
[1223/210739.441:ERROR:process_reader_win.cc(123)] NtOpenThread: {拒絕存取} 程序已請求存取一物件，但未被授與存取權。 (0xc0000022)
[1223/210739.442:ERROR:exception_snapshot_win.cc(99)] thread ID 20908 not found in process
[1223/210739.442:ERROR:process_reader_win.cc(123)] NtOpenThread: {拒絕存取} 程序已請求存取一物件，但未被授與存取權。 (0xc0000022)
[1223/210739.543:ERROR:exception_snapshot_win.cc(99)] thread ID 17248 not found in process
[1223/210900.498:ERROR:process_reader_win.cc(123)] NtOpenThread: {拒絕存取} 程序已請求存取一物件，但未被授與存取權。 (0xc0000022)
[1223/210900.500:ERROR:exception_snapshot_win.cc(99)] thread ID 19532 not found in process
[1223/210900.499:ERROR:process_reader_win.cc(123)] NtOpenThread: {拒絕存取} 程序已請求存取一物件，但未被授與存取權。 (0xc0000022)
[1223/210900.501:ERROR:exception_snapshot_win.cc(99)] thread ID 11212 not found in process
[1223/210900.508:ERROR:process_reader_win.cc(123)] NtOpenThread: {拒絕存取} 程序已請求存取一物件，但未被授與存取權。 (0xc0000022)
[1223/210900.509:ERROR:exception_snapshot_win.cc(99)] thread ID 21156 not found in process
[1223/210900.525:ERROR:process_reader_win.cc(123)] NtOpenThread: {拒絕存取} 程序已請求存取一物件，但未被授與存取權。 (0xc0000022)
[1223/210900.525:ERROR:exception_snapshot_win.cc(99)] thread ID 21252 not found in process
[1223/210900.525:ERROR:process_reader_win.cc(123)] NtOpenThread: {拒絕存取} 程序已請求存取一物件，但未被授與存取權。 (0xc0000022)
[1223/210900.525:ERROR:exception_snapshot_win.cc(99)] thread ID 21172 not found in process
[1223/210946.693:ERROR:process_reader_win.cc(123)] NtOpenThread: {拒絕存取} 程序已請求存取一物件，但未被授與存取權。 (0xc0000022)
[1223/210946.696:ERROR:exception_snapshot_win.cc(99)] thread ID 21236 not found in process
[1223/210946.693:ERROR:process_reader_win.cc(123)] NtOpenThread: {拒絕存取} 程序已請求存取一物件，但未被授與存取權。 (0xc0000022)
[1223/210946.696:ERROR:exception_snapshot_win.cc(99)] thread ID 20980 not found in process
[1223/210946.720:ERROR:process_reader_win.cc(123)] NtOpenThread: {拒絕存取} 程序已請求存取一物件，但未被授與存取權。 (0xc0000022)
[1223/210946.720:ERROR:exception_snapshot_win.cc(99)] thread ID 21324 not found in process
[1223/210946.721:ERROR:process_reader_win.cc(123)] NtOpenThread: {拒絕存取} 程序已請求存取一物件，但未被授與存取權。 (0xc0000022)
[1223/210946.721:ERROR:exception_snapshot_win.cc(99)] thread ID 17980 not found in process
[1223/211042.578:ERROR:process_reader_win.cc(123)] NtOpenThread: {拒絕存取} 程序已請求存取一物件，但未被授與存取權。 (0xc0000022)
[1223/211042.578:ERROR:process_reader_win.cc(123)] NtOpenThread: {拒絕存取} 程序已請求存取一物件，但未被授與存取權。 (0xc0000022)
[1223/211042.580:ERROR:exception_snapshot_win.cc(99)] thread ID 12304 not found in process
[1223/211042.580:ERROR:exception_snapshot_win.cc(99)] thread ID 16236 not found in process
[1223/211042.603:ERROR:process_reader_win.cc(123)] NtOpenThread: {拒絕存取} 程序已請求存取一物件，但未被授與存取權。 (0xc0000022)
[1223/211042.603:ERROR:exception_snapshot_win.cc(99)] thread ID 15132 not found in process
[1223/211042.607:ERROR:process_reader_win.cc(123)] NtOpenThread: {拒絕存取} 程序已請求存取一物件，但未被授與存取權。 (0xc0000022)
[1223/211042.607:ERROR:exception_snapshot_win.cc(99)] thread ID 3300 not found in process
[1223/211252.811:ERROR:process_reader_win.cc(151)] SuspendThread: 存取被拒。 (0x5)
[1223/211252.811:ERROR:process_reader_win.cc(151)] SuspendThread: 存取被拒。 (0x5)
[1223/211252.814:ERROR:process_reader_win.cc(123)] NtOpenThread: {拒絕存取} 程序已請求存取一物件，但未被授與存取權。 (0xc0000022)
[1223/211252.814:ERROR:exception_snapshot_win.cc(99)] thread ID 23000 not found in process
[1223/211252.814:ERROR:process_reader_win.cc(123)] NtOpenThread: {拒絕存取} 程序已請求存取一物件，但未被授與存取權。 (0xc0000022)
[1223/211252.868:ERROR:process_reader_win.cc(123)] NtOpenThread: {拒絕存取} 程序已請求存取一物件，但未被授與存取權。 (0xc0000022)
[1223/211252.857:ERROR:process_reader_win.cc(123)] NtOpenThread: {拒絕存取} 程序已請求存取一物件，但未被授與存取權。 (0xc0000022)
[1223/211253.180:ERROR:exception_snapshot_win.cc(99)] thread ID 21604 not found in process
[1223/211253.180:ERROR:exception_snapshot_win.cc(99)] thread ID 16128 not found in process
[1223/211253.180:ERROR:exception_snapshot_win.cc(99)] thread ID 6472 not found in process
[1223/211252.813:ERROR:process_reader_win.cc(151)] SuspendThread: 存取被拒。 (0x5)
[1223/211252.816:ERROR:process_reader_win.cc(151)] SuspendThread: 存取被拒。 (0x5)
[1223/211253.180:ERROR:process_reader_win.cc(123)] NtOpenThread: 指定不正確的用戶端識別碼。 (0xc000000b)
[1223/211253.180:ERROR:exception_snapshot_win.cc(99)] thread ID 22804 not found in process
[1223/211253.180:ERROR:process_reader_win.cc(123)] NtOpenThread: 指定不正確的用戶端識別碼。 (0xc000000b)
[1223/211253.180:ERROR:exception_snapshot_win.cc(99)] thread ID 16640 not found in process
[1223/211252.821:ERROR:process_reader_win.cc(123)] NtOpenThread: {拒絕存取} 程序已請求存取一物件，但未被授與存取權。 (0xc0000022)
[1223/211253.180:ERROR:scoped_process_suspend.cc(40)] NtResumeProcess: 嘗試存取現有的處理程序。 (0xc000010a)
[1223/211253.180:ERROR:exception_snapshot_win.cc(99)] thread ID 23020 not found in process
[1223/211253.180:ERROR:scoped_process_suspend.cc(40)] NtResumeProcess: 嘗試存取現有的處理程序。 (0xc000010a)
[1223/211253.181:ERROR:scoped_process_suspend.cc(40)] NtResumeProcess: 嘗試存取現有的處理程序。 (0xc000010a)
[1223/211659.920:ERROR:process_reader_win.cc(123)] NtOpenThread: {拒絕存取} 程序已請求存取一物件，但未被授與存取權。 (0xc0000022)
[1223/211659.924:ERROR:exception_snapshot_win.cc(99)] thread ID 9484 not found in process
[1223/211659.921:ERROR:process_reader_win.cc(123)] NtOpenThread: {拒絕存取} 程序已請求存取一物件，但未被授與存取權。 (0xc0000022)
[1223/211659.924:ERROR:exception_snapshot_win.cc(99)] thread ID 9900 not found in process
[1223/211659.949:ERROR:process_reader_win.cc(123)] NtOpenThread: {拒絕存取} 程序已請求存取一物件，但未被授與存取權。 (0xc0000022)
[1223/211659.949:ERROR:exception_snapshot_win.cc(99)] thread ID 19200 not found in process
[1223/211659.950:ERROR:process_reader_win.cc(123)] NtOpenThread: {拒絕存取} 程序已請求存取一物件，但未被授與存取權。 (0xc0000022)
[1223/211659.950:ERROR:exception_snapshot_win.cc(99)] thread ID 9284 not found in process
[0118/170329.185:ERROR:directory_reader_win.cc(43)] FindFirstFile: 系統找不到指定的路徑。 (0x3)
[0118/173323.979:ERROR:process_reader_win.cc(123)] NtOpenThread: {拒絕存取} 程序已請求存取一物件，但未被授與存取權。 (0xc0000022)
[0118/173323.982:ERROR:exception_snapshot_win.cc(99)] thread ID 4516 not found in process
[0118/173323.989:ERROR:process_reader_win.cc(123)] NtOpenThread: {拒絕存取} 程序已請求存取一物件，但未被授與存取權。 (0xc0000022)
[0118/173323.991:ERROR:exception_snapshot_win.cc(99)] thread ID 7652 not found in process
[0118/173324.014:ERROR:process_reader_win.cc(123)] NtOpenThread: {拒絕存取} 程序已請求存取一物件，但未被授與存取權。 (0xc0000022)
[0118/173324.014:ERROR:exception_snapshot_win.cc(99)] thread ID 5236 not found in process
[0118/173324.016:ERROR:process_reader_win.cc(123)] NtOpenThread: {拒絕存取} 程序已請求存取一物件，但未被授與存取權。 (0xc0000022)
[0118/173324.016:ERROR:exception_snapshot_win.cc(99)] thread ID 1712 not found in process
[0118/173338.573:ERROR:process_reader_win.cc(123)] NtOpenThread: {拒絕存取} 程序已請求存取一物件，但未被授與存取權。 (0xc0000022)
[0118/173338.579:ERROR:exception_snapshot_win.cc(99)] thread ID 3664 not found in process
[0118/173338.580:ERROR:process_reader_win.cc(123)] NtOpenThread: {拒絕存取} 程序已請求存取一物件，但未被授與存取權。 (0xc0000022)
[0118/173338.580:ERROR:exception_snapshot_win.cc(99)] thread ID 18712 not found in process
[0118/173338.599:ERROR:process_reader_win.cc(123)] NtOpenThread: {拒絕存取} 程序已請求存取一物件，但未被授與存取權。 (0xc0000022)
[0118/173338.686:ERROR:exception_snapshot_win.cc(99)] thread ID 12588 not found in process
[0118/174454.201:ERROR:directory_reader_win.cc(43)] FindFirstFile: 系統找不到指定的路徑。 (0x3)
[0118/185138.964:ERROR:process_reader_win.cc(123)] NtOpenThread: {拒絕存取} 程序已請求存取一物件，但未被授與存取權。 (0xc0000022)
[0118/185138.966:ERROR:exception_snapshot_win.cc(99)] thread ID 20288 not found in process
[0118/185138.964:ERROR:process_reader_win.cc(123)] NtOpenThread: {拒絕存取} 程序已請求存取一物件，但未被授與存取權。 (0xc0000022)
[0118/185138.967:ERROR:exception_snapshot_win.cc(99)] thread ID 19628 not found in process
[0118/185138.993:ERROR:process_reader_win.cc(123)] NtOpenThread: {拒絕存取} 程序已請求存取一物件，但未被授與存取權。 (0xc0000022)
[0118/185138.993:ERROR:process_reader_win.cc(123)] NtOpenThread: {拒絕存取} 程序已請求存取一物件，但未被授與存取權。 (0xc0000022)
[0118/185138.993:ERROR:exception_snapshot_win.cc(99)] thread ID 20472 not found in process
[0118/185138.993:ERROR:exception_snapshot_win.cc(99)] thread ID 19524 not found in process
[0118/185201.728:ERROR:process_reader_win.cc(123)] NtOpenThread: {拒絕存取} 程序已請求存取一物件，但未被授與存取權。 (0xc0000022)
[0118/185201.731:ERROR:exception_snapshot_win.cc(99)] thread ID 20432 not found in process
[0118/185201.747:ERROR:process_reader_win.cc(123)] NtOpenThread: {拒絕存取} 程序已請求存取一物件，但未被授與存取權。 (0xc0000022)
[0118/185201.747:ERROR:exception_snapshot_win.cc(99)] thread ID 11848 not found in process
[0118/185201.762:ERROR:process_reader_win.cc(123)] NtOpenThread: {拒絕存取} 程序已請求存取一物件，但未被授與存取權。 (0xc0000022)
[0118/185201.762:ERROR:exception_snapshot_win.cc(99)] thread ID 9748 not found in process
[0118/190204.169:ERROR:directory_reader_win.cc(43)] FindFirstFile: 系統找不到指定的路徑。 (0x3)
[0118/190318.059:ERROR:directory_reader_win.cc(43)] FindFirstFile: 系統找不到指定的路徑。 (0x3)
